<?xml version="1.0" encoding="UTF-8"?>
<!-- Generated by org.testng.reporters.JUnitReportReporter -->
<testsuite hostname="CPU-127" name="com.actitime.projectandcustomertest.SampleTestForSh" tests="2" failures="0" timestamp="9 Feb 2015 06:17:31 GMT" time="5.708" errors="0">
  <testcase name="modifyCust" time="0.001" classname="com.actitime.projectandcustomertest.SampleTestForSh"/>
  <testcase name="createCust" time="5.707" classname="com.actitime.projectandcustomertest.SampleTestForSh"/>
</testsuite> <!-- com.actitime.projectandcustomertest.SampleTestForSh -->
