<?xml version="1.0" encoding="UTF-8"?>
<!-- Generated by org.testng.reporters.JUnitReportReporter -->
<testsuite hostname="susanta-PC" name="com.actitime.projectandcustomertest.ProjectAndCustomerTest" tests="2" failures="0" timestamp="11 Jan 2015 14:53:19 GMT" time="36.406" errors="0">
  <testcase name="verifyCustomerDetailsInWebTableTest" time="3.799" classname="com.actitime.projectandcustomertest.ProjectAndCustomerTest"/>
  <testcase name="createCustomerTest" time="32.607" classname="com.actitime.projectandcustomertest.ProjectAndCustomerTest"/>
</testsuite> <!-- com.actitime.projectandcustomertest.ProjectAndCustomerTest -->
